{"/Users/anuragdixit/Documents/Projects/NodejsPractice/TestDrivenDevelopment/src/utils/StringUtil.ts": {"path":"/Users/anuragdixit/Documents/Projects/NodejsPractice/TestDrivenDevelopment/src/utils/StringUtil.ts","all":false,"statementMap":{"0":{"start":{"line":1,"column":0},"end":{"line":1,"column":51}},"1":{"start":{"line":2,"column":0},"end":{"line":2,"column":43}},"2":{"start":{"line":3,"column":0},"end":{"line":3,"column":34}},"3":{"start":{"line":4,"column":0},"end":{"line":4,"column":1}},"4":{"start":{"line":5,"column":0},"end":{"line":5,"column":54}},"5":{"start":{"line":6,"column":0},"end":{"line":6,"column":63}},"6":{"start":{"line":7,"column":0},"end":{"line":7,"column":29}},"7":{"start":{"line":8,"column":0},"end":{"line":8,"column":5}},"8":{"start":{"line":9,"column":0},"end":{"line":9,"column":97}},"9":{"start":{"line":10,"column":0},"end":{"line":10,"column":18}},"10":{"start":{"line":11,"column":0},"end":{"line":11,"column":1}},"11":{"start":{"line":12,"column":0},"end":{"line":12,"column":51}},"12":{"start":{"line":13,"column":0},"end":{"line":13,"column":24}},"13":{"start":{"line":14,"column":0},"end":{"line":14,"column":52}},"14":{"start":{"line":15,"column":0},"end":{"line":15,"column":30}},"15":{"start":{"line":16,"column":0},"end":{"line":16,"column":45}},"16":{"start":{"line":17,"column":0},"end":{"line":17,"column":12}},"17":{"start":{"line":18,"column":0},"end":{"line":18,"column":70}},"18":{"start":{"line":19,"column":0},"end":{"line":19,"column":54}},"19":{"start":{"line":20,"column":0},"end":{"line":20,"column":39}},"20":{"start":{"line":21,"column":0},"end":{"line":21,"column":55}},"21":{"start":{"line":22,"column":0},"end":{"line":22,"column":60}},"22":{"start":{"line":23,"column":0},"end":{"line":23,"column":37}},"23":{"start":{"line":24,"column":0},"end":{"line":24,"column":9}},"24":{"start":{"line":25,"column":0},"end":{"line":25,"column":28}},"25":{"start":{"line":26,"column":0},"end":{"line":26,"column":29}},"26":{"start":{"line":27,"column":0},"end":{"line":27,"column":42}},"27":{"start":{"line":28,"column":0},"end":{"line":28,"column":39}},"28":{"start":{"line":29,"column":0},"end":{"line":29,"column":5}},"29":{"start":{"line":30,"column":0},"end":{"line":30,"column":62}},"30":{"start":{"line":31,"column":0},"end":{"line":31,"column":37}},"31":{"start":{"line":32,"column":0},"end":{"line":32,"column":84}},"32":{"start":{"line":33,"column":0},"end":{"line":33,"column":5}},"33":{"start":{"line":34,"column":0},"end":{"line":34,"column":21}},"34":{"start":{"line":35,"column":0},"end":{"line":35,"column":1}},"35":{"start":{"line":36,"column":0},"end":{"line":36,"column":8}},"36":{"start":{"line":37,"column":0},"end":{"line":37,"column":7}},"37":{"start":{"line":38,"column":0},"end":{"line":38,"column":1}}},"s":{"0":1,"1":8,"2":8,"3":8,"4":1,"5":7,"6":2,"7":2,"8":7,"9":7,"10":7,"11":1,"12":8,"13":8,"14":8,"15":1,"16":8,"17":6,"18":6,"19":6,"20":1,"21":1,"22":1,"23":1,"24":6,"25":6,"26":6,"27":6,"28":6,"29":7,"30":8,"31":1,"32":1,"33":6,"34":6,"35":1,"36":1,"37":1},"branchMap":{"0":{"type":"branch","line":1,"loc":{"start":{"line":1,"column":12},"end":{"line":4,"column":1}},"locations":[{"start":{"line":1,"column":12},"end":{"line":4,"column":1}}]},"1":{"type":"branch","line":5,"loc":{"start":{"line":5,"column":19},"end":{"line":11,"column":1}},"locations":[{"start":{"line":5,"column":19},"end":{"line":11,"column":1}}]},"2":{"type":"branch","line":6,"loc":{"start":{"line":6,"column":62},"end":{"line":8,"column":5}},"locations":[{"start":{"line":6,"column":62},"end":{"line":8,"column":5}}]},"3":{"type":"branch","line":9,"loc":{"start":{"line":9,"column":-1},"end":{"line":9,"column":92}},"locations":[{"start":{"line":9,"column":-1},"end":{"line":9,"column":92}}]},"4":{"type":"branch","line":9,"loc":{"start":{"line":9,"column":93},"end":{"line":9,"column":96}},"locations":[{"start":{"line":9,"column":93},"end":{"line":9,"column":96}}]},"5":{"type":"branch","line":9,"loc":{"start":{"line":9,"column":65},"end":{"line":9,"column":88}},"locations":[{"start":{"line":9,"column":65},"end":{"line":9,"column":88}}]},"6":{"type":"branch","line":12,"loc":{"start":{"line":12,"column":19},"end":{"line":35,"column":1}},"locations":[{"start":{"line":12,"column":19},"end":{"line":35,"column":1}}]},"7":{"type":"branch","line":14,"loc":{"start":{"line":14,"column":16},"end":{"line":14,"column":39}},"locations":[{"start":{"line":14,"column":16},"end":{"line":14,"column":39}}]},"8":{"type":"branch","line":14,"loc":{"start":{"line":14,"column":41},"end":{"line":14,"column":52}},"locations":[{"start":{"line":14,"column":41},"end":{"line":14,"column":52}}]},"9":{"type":"branch","line":15,"loc":{"start":{"line":15,"column":-1},"end":{"line":15,"column":29}},"locations":[{"start":{"line":15,"column":-1},"end":{"line":15,"column":29}}]},"10":{"type":"branch","line":15,"loc":{"start":{"line":15,"column":29},"end":{"line":17,"column":5}},"locations":[{"start":{"line":15,"column":29},"end":{"line":17,"column":5}}]},"11":{"type":"branch","line":17,"loc":{"start":{"line":17,"column":5},"end":{"line":29,"column":5}},"locations":[{"start":{"line":17,"column":5},"end":{"line":29,"column":5}}]},"12":{"type":"branch","line":20,"loc":{"start":{"line":20,"column":38},"end":{"line":24,"column":9}},"locations":[{"start":{"line":20,"column":38},"end":{"line":24,"column":9}}]},"13":{"type":"branch","line":30,"loc":{"start":{"line":30,"column":-1},"end":{"line":31,"column":36}},"locations":[{"start":{"line":30,"column":-1},"end":{"line":31,"column":36}}]},"14":{"type":"branch","line":31,"loc":{"start":{"line":31,"column":36},"end":{"line":33,"column":5}},"locations":[{"start":{"line":31,"column":36},"end":{"line":33,"column":5}}]},"15":{"type":"branch","line":34,"loc":{"start":{"line":34,"column":-1},"end":{"line":35,"column":1}},"locations":[{"start":{"line":34,"column":-1},"end":{"line":35,"column":1}}]},"16":{"type":"branch","line":27,"loc":{"start":{"line":27,"column":17},"end":{"line":27,"column":41}},"locations":[{"start":{"line":27,"column":17},"end":{"line":27,"column":41}}]},"17":{"type":"branch","line":28,"loc":{"start":{"line":28,"column":20},"end":{"line":28,"column":38}},"locations":[{"start":{"line":28,"column":20},"end":{"line":28,"column":38}}]},"18":{"type":"branch","line":30,"loc":{"start":{"line":30,"column":46},"end":{"line":30,"column":60}},"locations":[{"start":{"line":30,"column":46},"end":{"line":30,"column":60}}]}},"b":{"0":[8],"1":[7],"2":[2],"3":[5],"4":[0],"5":[12],"6":[8],"7":[7],"8":[1],"9":[7],"10":[1],"11":[6],"12":[1],"13":[7],"14":[1],"15":[6],"16":[16],"17":[16],"18":[16]},"fnMap":{"0":{"name":"add","decl":{"start":{"line":1,"column":12},"end":{"line":4,"column":1}},"loc":{"start":{"line":1,"column":12},"end":{"line":4,"column":1}},"line":1},"1":{"name":"processSum","decl":{"start":{"line":5,"column":19},"end":{"line":11,"column":1}},"loc":{"start":{"line":5,"column":19},"end":{"line":11,"column":1}},"line":5},"2":{"name":"parseInput","decl":{"start":{"line":12,"column":19},"end":{"line":35,"column":1}},"loc":{"start":{"line":12,"column":19},"end":{"line":35,"column":1}},"line":12}},"f":{"0":8,"1":7,"2":8}}
}
