TN:
SF:src/utils/StringUtil.ts
FN:1,add
FN:5,processSum
FN:12,parseInput
FNF:3
FNH:3
FNDA:8,add
FNDA:7,processSum
FNDA:8,parseInput
DA:1,1
DA:2,8
DA:3,8
DA:4,8
DA:5,1
DA:6,7
DA:7,2
DA:8,2
DA:9,7
DA:10,7
DA:11,7
DA:12,1
DA:13,8
DA:14,8
DA:15,8
DA:16,1
DA:17,8
DA:18,6
DA:19,6
DA:20,6
DA:21,1
DA:22,1
DA:23,1
DA:24,1
DA:25,6
DA:26,6
DA:27,6
DA:28,6
DA:29,6
DA:30,7
DA:31,8
DA:32,1
DA:33,1
DA:34,6
DA:35,6
DA:36,1
DA:37,1
DA:38,1
LF:38
LH:38
BRDA:1,0,0,8
BRDA:5,1,0,7
BRDA:6,2,0,2
BRDA:9,3,0,5
BRDA:9,4,0,0
BRDA:9,5,0,12
BRDA:12,6,0,8
BRDA:14,7,0,7
BRDA:14,8,0,1
BRDA:15,9,0,7
BRDA:15,10,0,1
BRDA:17,11,0,6
BRDA:20,12,0,1
BRDA:30,13,0,7
BRDA:31,14,0,1
BRDA:34,15,0,6
BRDA:27,16,0,16
BRDA:28,17,0,16
BRDA:30,18,0,16
BRF:19
BRH:18
end_of_record
